<?xml version="1.0" encoding="UTF-8"?>
<!-- Generated by org.testng.reporters.JUnitReportReporter -->
<testsuite hostname="Chathura-DESKTOP-B2NMHK2" failures="0" tests="1" name="com.test.TestFramework.TestRunner" time="25.313" errors="0" timestamp="2025-01-17T19:16:52 CST" skipped="0">
  <testcase classname="com.test.TestFramework.TestRunner" name="runScenario" time="25.313"/>
  <system-out/>
</testsuite> <!-- com.test.TestFramework.TestRunner -->
